# JRE version: OpenJDK Runtime Environment Temurin-17.0.10+7 (17.0.10+7) (build 17.0.10+7)
# Java VM: OpenJDK 64-Bit Server VM Temurin-17.0.10+7 (17.0.10+7, mixed mode, emulated-client, tiered, compressed oops, compressed class ptrs, g1 gc, windows-amd64)
GC Precious Log:
 CPUs: 6 total, 6 available
 Memory: 7564M
 Large Page Support: Disabled
 NUMA Support: Disabled
 Compressed Oops: Enabled (32-bit)
 Heap Region Size: 1M
 Heap Min Capacity: 8M
 Heap Initial Capacity: 120M
 Heap Max Capacity: 1892M
 Pre-touch: Disabled
 Parallel Workers: 6
 Concurrent Workers: 2
 Concurrent Refinement Workers: 6
 Periodic GC: Disabled
Heap:
 garbage-first heap   total 109568K, used 75474K [0x0000000089c00000, 0x0000000100000000)
  region size 1024K, 4 young (4096K), 4 survivors (4096K)
 Metaspace       used 92487K, committed 93184K, reserved 1179648K
  class space    used 13020K, committed 13312K, reserved 1048576K
GC Heap History (20 events):
Event: 8.397 GC heap before
{Heap before GC invocations=22 (full 0):
 garbage-first heap   total 65536K, used 52432K [0x0000000089c00000, 0x0000000100000000)
  region size 1024K, 26 young (26624K), 4 survivors (4096K)
 Metaspace       used 75380K, committed 75968K, reserved 1179648K
  class space    used 10412K, committed 10688K, reserved 1048576K
}
Event: 8.402 GC heap after
{Heap after GC invocations=23 (full 0):
 garbage-first heap   total 65536K, used 32802K [0x0000000089c00000, 0x0000000100000000)
  region size 1024K, 3 young (3072K), 3 survivors (3072K)
 Metaspace       used 75380K, committed 75968K, reserved 1179648K
  class space    used 10412K, committed 10688K, reserved 1048576K
}
Event: 8.475 GC heap before
{Heap before GC invocations=23 (full 0):
 garbage-first heap   total 65536K, used 52258K [0x0000000089c00000, 0x0000000100000000)
  region size 1024K, 22 young (22528K), 3 survivors (3072K)
 Metaspace       used 75383K, committed 75968K, reserved 1179648K
  class space    used 10412K, committed 10688K, reserved 1048576K
}
Event: 8.479 GC heap after
{Heap after GC invocations=24 (full 0):
 garbage-first heap   total 65536K, used 35621K [0x0000000089c00000, 0x0000000100000000)
  region size 1024K, 3 young (3072K), 3 survivors (3072K)
 Metaspace       used 75383K, committed 75968K, reserved 1179648K
  class space    used 10412K, committed 10688K, reserved 1048576K
}
Event: 8.525 GC heap before
{Heap before GC invocations=24 (full 0):
 garbage-first heap   total 80896K, used 49957K [0x0000000089c00000, 0x0000000100000000)
  region size 1024K, 17 young (17408K), 3 survivors (3072K)
 Metaspace       used 75387K, committed 75968K, reserved 1179648K
  class space    used 10412K, committed 10688K, reserved 1048576K
}
Event: 8.528 GC heap after
{Heap after GC invocations=25 (full 0):
 garbage-first heap   total 80896K, used 36959K [0x0000000089c00000, 0x0000000100000000)
  region size 1024K, 2 young (2048K), 2 survivors (2048K)
 Metaspace       used 75387K, committed 75968K, reserved 1179648K
  class space    used 10412K, committed 10688K, reserved 1048576K
}
Event: 8.746 GC heap before
{Heap before GC invocations=26 (full 0):
 garbage-first heap   total 80896K, used 61535K [0x0000000089c00000, 0x0000000100000000)
  region size 1024K, 27 young (27648K), 2 survivors (2048K)
 Metaspace       used 76961K, committed 77568K, reserved 1179648K
  class space    used 10791K, committed 11072K, reserved 1048576K
}
Event: 8.753 GC heap after
{Heap after GC invocations=27 (full 0):
 garbage-first heap   total 80896K, used 39145K [0x0000000089c00000, 0x0000000100000000)
  region size 1024K, 4 young (4096K), 4 survivors (4096K)
 Metaspace       used 76961K, committed 77568K, reserved 1179648K
  class space    used 10791K, committed 11072K, reserved 1048576K
}
Event: 8.827 GC heap before
{Heap before GC invocations=27 (full 0):
 garbage-first heap   total 80896K, used 63721K [0x0000000089c00000, 0x0000000100000000)
  region size 1024K, 28 young (28672K), 4 survivors (4096K)
 Metaspace       used 76964K, committed 77568K, reserved 1179648K
  class space    used 10791K, committed 11072K, reserved 1048576K
}
Event: 8.830 GC heap after
{Heap after GC invocations=28 (full 0):
 garbage-first heap   total 109568K, used 38051K [0x0000000089c00000, 0x0000000100000000)
  region size 1024K, 1 young (1024K), 1 survivors (1024K)
 Metaspace       used 76964K, committed 77568K, reserved 1179648K
  class space    used 10791K, committed 11072K, reserved 1048576K
}
Event: 9.107 GC heap before
{Heap before GC invocations=28 (full 0):
 garbage-first heap   total 109568K, used 89251K [0x0000000089c00000, 0x0000000100000000)
  region size 1024K, 51 young (52224K), 1 survivors (1024K)
 Metaspace       used 76979K, committed 77568K, reserved 1179648K
  class space    used 10792K, committed 11072K, reserved 1048576K
}
Event: 9.111 GC heap after
{Heap after GC invocations=29 (full 0):
 garbage-first heap   total 109568K, used 39573K [0x0000000089c00000, 0x0000000100000000)
  region size 1024K, 3 young (3072K), 3 survivors (3072K)
 Metaspace       used 76979K, committed 77568K, reserved 1179648K
  class space    used 10792K, committed 11072K, reserved 1048576K
}
Event: 9.792 GC heap before
{Heap before GC invocations=29 (full 0):
 garbage-first heap   total 109568K, used 88725K [0x0000000089c00000, 0x0000000100000000)
  region size 1024K, 52 young (53248K), 3 survivors (3072K)
 Metaspace       used 80799K, committed 81472K, reserved 1179648K
  class space    used 11359K, committed 11648K, reserved 1048576K
}
Event: 9.794 GC heap after
{Heap after GC invocations=30 (full 0):
 garbage-first heap   total 109568K, used 40067K [0x0000000089c00000, 0x0000000100000000)
  region size 1024K, 3 young (3072K), 3 survivors (3072K)
 Metaspace       used 80799K, committed 81472K, reserved 1179648K
  class space    used 11359K, committed 11648K, reserved 1048576K
}
Event: 50.274 GC heap before
{Heap before GC invocations=30 (full 0):
 garbage-first heap   total 109568K, used 90243K [0x0000000089c00000, 0x0000000100000000)
  region size 1024K, 52 young (53248K), 3 survivors (3072K)
 Metaspace       used 87167K, committed 87808K, reserved 1179648K
  class space    used 12299K, committed 12608K, reserved 1048576K
}
Event: 50.281 GC heap after
{Heap after GC invocations=31 (full 0):
 garbage-first heap   total 109568K, used 43857K [0x0000000089c00000, 0x0000000100000000)
  region size 1024K, 7 young (7168K), 7 survivors (7168K)
 Metaspace       used 87167K, committed 87808K, reserved 1179648K
  class space    used 12299K, committed 12608K, reserved 1048576K
}
Event: 61.364 GC heap before
{Heap before GC invocations=31 (full 0):
 garbage-first heap   total 109568K, used 88913K [0x0000000089c00000, 0x0000000100000000)
  region size 1024K, 41 young (41984K), 7 survivors (7168K)
 Metaspace       used 92483K, committed 93184K, reserved 1179648K
  class space    used 13019K, committed 13312K, reserved 1048576K
}
Event: 61.375 GC heap after
{Heap after GC invocations=32 (full 0):
 garbage-first heap   total 109568K, used 60478K [0x0000000089c00000, 0x0000000100000000)
  region size 1024K, 6 young (6144K), 6 survivors (6144K)
 Metaspace       used 92483K, committed 93184K, reserved 1179648K
  class space    used 13019K, committed 13312K, reserved 1048576K
}
Event: 61.395 GC heap before
{Heap before GC invocations=32 (full 0):
 garbage-first heap   total 109568K, used 90174K [0x0000000089c00000, 0x0000000100000000)
  region size 1024K, 16 young (16384K), 6 survivors (6144K)
 Metaspace       used 92487K, committed 93184K, reserved 1179648K
  class space    used 13020K, committed 13312K, reserved 1048576K
}
Event: 61.399 GC heap after
{Heap after GC invocations=33 (full 0):
 garbage-first heap   total 109568K, used 75474K [0x0000000089c00000, 0x0000000100000000)
  region size 1024K, 4 young (4096K), 4 survivors (4096K)
 Metaspace       used 92487K, committed 93184K, reserved 1179648K
  class space    used 13020K, committed 13312K, reserved 1048576K
}

